<?xml version="1.0" encoding="UTF-8"?>
<testsuite xmlns:xsi="http://www.w3.org/2001/XMLSchema-instance" xsi:noNamespaceSchemaLocation="https://maven.apache.org/surefire/maven-surefire-plugin/xsd/surefire-test-report-3.0.xsd" version="3.0" name="edu.eci.cvds.NecesidadTest" time="0.772" tests="4" errors="0" skipped="0" failures="0">
  <properties>
    <property name="sun.desktop" value="windows"/>
    <property name="awt.toolkit" value="sun.awt.windows.WToolkit"/>
    <property name="java.specification.version" value="11"/>
    <property name="sun.cpu.isalist" value="amd64"/>
    <property name="sun.jnu.encoding" value="Cp1252"/>
    <property name="java.class.path" value="C:\Users\dmeji\Desktop\CVDS\ProyectoCVDS\target\test-classes;C:\Users\dmeji\Desktop\CVDS\ProyectoCVDS\target\classes;C:\Users\dmeji\.m2\repository\org\mybatis\mybatis-guice\3.10\mybatis-guice-3.10.jar;C:\Users\dmeji\.m2\repository\junit\junit\4.13.1\junit-4.13.1.jar;C:\Users\dmeji\.m2\repository\org\hamcrest\hamcrest-core\1.3\hamcrest-core-1.3.jar;C:\Users\dmeji\.m2\repository\org\mybatis\mybatis\3.5.7\mybatis-3.5.7.jar;C:\Users\dmeji\.m2\repository\com\google\inject\guice\4.0\guice-4.0.jar;C:\Users\dmeji\.m2\repository\javax\inject\javax.inject\1\javax.inject-1.jar;C:\Users\dmeji\.m2\repository\aopalliance\aopalliance\1.0\aopalliance-1.0.jar;C:\Users\dmeji\.m2\repository\com\google\guava\guava\16.0.1\guava-16.0.1.jar;C:\Users\dmeji\.m2\repository\org\postgresql\postgresql\42.2.20.jre7\postgresql-42.2.20.jre7.jar;C:\Users\dmeji\.m2\repository\org\apache\shiro\shiro-core\1.7.1\shiro-core-1.7.1.jar;C:\Users\dmeji\.m2\repository\org\apache\shiro\shiro-lang\1.7.1\shiro-lang-1.7.1.jar;C:\Users\dmeji\.m2\repository\org\apache\shiro\shiro-cache\1.7.1\shiro-cache-1.7.1.jar;C:\Users\dmeji\.m2\repository\org\apache\shiro\shiro-crypto-hash\1.7.1\shiro-crypto-hash-1.7.1.jar;C:\Users\dmeji\.m2\repository\org\apache\shiro\shiro-crypto-core\1.7.1\shiro-crypto-core-1.7.1.jar;C:\Users\dmeji\.m2\repository\org\apache\shiro\shiro-crypto-cipher\1.7.1\shiro-crypto-cipher-1.7.1.jar;C:\Users\dmeji\.m2\repository\org\apache\shiro\shiro-config-core\1.7.1\shiro-config-core-1.7.1.jar;C:\Users\dmeji\.m2\repository\org\apache\shiro\shiro-config-ogdl\1.7.1\shiro-config-ogdl-1.7.1.jar;C:\Users\dmeji\.m2\repository\commons-beanutils\commons-beanutils\1.9.4\commons-beanutils-1.9.4.jar;C:\Users\dmeji\.m2\repository\commons-collections\commons-collections\3.2.2\commons-collections-3.2.2.jar;C:\Users\dmeji\.m2\repository\org\apache\shiro\shiro-event\1.7.1\shiro-event-1.7.1.jar;C:\Users\dmeji\.m2\repository\org\apache\shiro\shiro-web\1.7.1\shiro-web-1.7.1.jar;C:\Users\dmeji\.m2\repository\org\owasp\encoder\encoder\1.2.2\encoder-1.2.2.jar;C:\Users\dmeji\.m2\repository\org\apache\shiro\shiro-ehcache\1.7.0\shiro-ehcache-1.7.0.jar;C:\Users\dmeji\.m2\repository\net\sf\ehcache\ehcache-core\2.6.11\ehcache-core-2.6.11.jar;C:\Users\dmeji\.m2\repository\javax\javaee-api\8.0.1\javaee-api-8.0.1.jar;C:\Users\dmeji\.m2\repository\com\sun\mail\javax.mail\1.6.2\javax.mail-1.6.2.jar;C:\Users\dmeji\.m2\repository\javax\activation\activation\1.1\activation-1.1.jar;C:\Users\dmeji\.m2\repository\com\sun\faces\jsf-api\2.2.20\jsf-api-2.2.20.jar;C:\Users\dmeji\.m2\repository\com\sun\faces\jsf-impl\2.2.20\jsf-impl-2.2.20.jar;C:\Users\dmeji\.m2\repository\javax\servlet\jstl\1.2\jstl-1.2.jar;C:\Users\dmeji\.m2\repository\javax\javaee-web-api\7.0\javaee-web-api-7.0.jar;C:\Users\dmeji\.m2\repository\org\apache\poi\poi\5.0.0\poi-5.0.0.jar;C:\Users\dmeji\.m2\repository\org\slf4j\slf4j-api\1.7.30\slf4j-api-1.7.30.jar;C:\Users\dmeji\.m2\repository\org\slf4j\jcl-over-slf4j\1.7.30\jcl-over-slf4j-1.7.30.jar;C:\Users\dmeji\.m2\repository\commons-codec\commons-codec\1.15\commons-codec-1.15.jar;C:\Users\dmeji\.m2\repository\org\apache\commons\commons-collections4\4.4\commons-collections4-4.4.jar;C:\Users\dmeji\.m2\repository\org\apache\commons\commons-math3\3.6.1\commons-math3-3.6.1.jar;C:\Users\dmeji\.m2\repository\com\zaxxer\SparseBitSet\1.2\SparseBitSet-1.2.jar;C:\Users\dmeji\.m2\repository\com\lowagie\itext\2.1.7\itext-2.1.7.jar;C:\Users\dmeji\.m2\repository\bouncycastle\bcmail-jdk14\138\bcmail-jdk14-138.jar;C:\Users\dmeji\.m2\repository\bouncycastle\bcprov-jdk14\138\bcprov-jdk14-138.jar;C:\Users\dmeji\.m2\repository\org\bouncycastle\bctsp-jdk14\1.38\bctsp-jdk14-1.38.jar;C:\Users\dmeji\.m2\repository\org\bouncycastle\bcprov-jdk14\1.38\bcprov-jdk14-1.38.jar;C:\Users\dmeji\.m2\repository\org\bouncycastle\bcmail-jdk14\1.38\bcmail-jdk14-1.38.jar;C:\Users\dmeji\.m2\repository\org\primefaces\primefaces\10.0.0\primefaces-10.0.0.jar;"/>
    <property name="java.vm.vendor" value="Red Hat, Inc."/>
    <property name="sun.arch.data.model" value="64"/>
    <property name="user.variant" value=""/>
    <property name="java.vendor.url" value="https://access.redhat.com/"/>
    <property name="user.timezone" value="America/Bogota"/>
    <property name="user.country.format" value="US"/>
    <property name="java.vm.specification.version" value="11"/>
    <property name="os.name" value="Windows 10"/>
    <property name="sun.java.launcher" value="SUN_STANDARD"/>
    <property name="user.country" value="MX"/>
    <property name="sun.boot.library.path" value="C:\Program Files\RedHat\java-11-openjdk-11.0.10-1\bin"/>
    <property name="sun.java.command" value="C:\Users\dmeji\AppData\Local\Temp\surefire6827690715518045729\surefirebooter5287257114956206586.jar C:\Users\dmeji\AppData\Local\Temp\surefire6827690715518045729 2021-05-21T19-07-27_615-jvmRun1 surefire8029769035981859799tmp surefire_017213369116454599719tmp"/>
    <property name="jdk.debug" value="release"/>
    <property name="surefire.test.class.path" value="C:\Users\dmeji\Desktop\CVDS\ProyectoCVDS\target\test-classes;C:\Users\dmeji\Desktop\CVDS\ProyectoCVDS\target\classes;C:\Users\dmeji\.m2\repository\org\mybatis\mybatis-guice\3.10\mybatis-guice-3.10.jar;C:\Users\dmeji\.m2\repository\junit\junit\4.13.1\junit-4.13.1.jar;C:\Users\dmeji\.m2\repository\org\hamcrest\hamcrest-core\1.3\hamcrest-core-1.3.jar;C:\Users\dmeji\.m2\repository\org\mybatis\mybatis\3.5.7\mybatis-3.5.7.jar;C:\Users\dmeji\.m2\repository\com\google\inject\guice\4.0\guice-4.0.jar;C:\Users\dmeji\.m2\repository\javax\inject\javax.inject\1\javax.inject-1.jar;C:\Users\dmeji\.m2\repository\aopalliance\aopalliance\1.0\aopalliance-1.0.jar;C:\Users\dmeji\.m2\repository\com\google\guava\guava\16.0.1\guava-16.0.1.jar;C:\Users\dmeji\.m2\repository\org\postgresql\postgresql\42.2.20.jre7\postgresql-42.2.20.jre7.jar;C:\Users\dmeji\.m2\repository\org\apache\shiro\shiro-core\1.7.1\shiro-core-1.7.1.jar;C:\Users\dmeji\.m2\repository\org\apache\shiro\shiro-lang\1.7.1\shiro-lang-1.7.1.jar;C:\Users\dmeji\.m2\repository\org\apache\shiro\shiro-cache\1.7.1\shiro-cache-1.7.1.jar;C:\Users\dmeji\.m2\repository\org\apache\shiro\shiro-crypto-hash\1.7.1\shiro-crypto-hash-1.7.1.jar;C:\Users\dmeji\.m2\repository\org\apache\shiro\shiro-crypto-core\1.7.1\shiro-crypto-core-1.7.1.jar;C:\Users\dmeji\.m2\repository\org\apache\shiro\shiro-crypto-cipher\1.7.1\shiro-crypto-cipher-1.7.1.jar;C:\Users\dmeji\.m2\repository\org\apache\shiro\shiro-config-core\1.7.1\shiro-config-core-1.7.1.jar;C:\Users\dmeji\.m2\repository\org\apache\shiro\shiro-config-ogdl\1.7.1\shiro-config-ogdl-1.7.1.jar;C:\Users\dmeji\.m2\repository\commons-beanutils\commons-beanutils\1.9.4\commons-beanutils-1.9.4.jar;C:\Users\dmeji\.m2\repository\commons-collections\commons-collections\3.2.2\commons-collections-3.2.2.jar;C:\Users\dmeji\.m2\repository\org\apache\shiro\shiro-event\1.7.1\shiro-event-1.7.1.jar;C:\Users\dmeji\.m2\repository\org\apache\shiro\shiro-web\1.7.1\shiro-web-1.7.1.jar;C:\Users\dmeji\.m2\repository\org\owasp\encoder\encoder\1.2.2\encoder-1.2.2.jar;C:\Users\dmeji\.m2\repository\org\apache\shiro\shiro-ehcache\1.7.0\shiro-ehcache-1.7.0.jar;C:\Users\dmeji\.m2\repository\net\sf\ehcache\ehcache-core\2.6.11\ehcache-core-2.6.11.jar;C:\Users\dmeji\.m2\repository\javax\javaee-api\8.0.1\javaee-api-8.0.1.jar;C:\Users\dmeji\.m2\repository\com\sun\mail\javax.mail\1.6.2\javax.mail-1.6.2.jar;C:\Users\dmeji\.m2\repository\javax\activation\activation\1.1\activation-1.1.jar;C:\Users\dmeji\.m2\repository\com\sun\faces\jsf-api\2.2.20\jsf-api-2.2.20.jar;C:\Users\dmeji\.m2\repository\com\sun\faces\jsf-impl\2.2.20\jsf-impl-2.2.20.jar;C:\Users\dmeji\.m2\repository\javax\servlet\jstl\1.2\jstl-1.2.jar;C:\Users\dmeji\.m2\repository\javax\javaee-web-api\7.0\javaee-web-api-7.0.jar;C:\Users\dmeji\.m2\repository\org\apache\poi\poi\5.0.0\poi-5.0.0.jar;C:\Users\dmeji\.m2\repository\org\slf4j\slf4j-api\1.7.30\slf4j-api-1.7.30.jar;C:\Users\dmeji\.m2\repository\org\slf4j\jcl-over-slf4j\1.7.30\jcl-over-slf4j-1.7.30.jar;C:\Users\dmeji\.m2\repository\commons-codec\commons-codec\1.15\commons-codec-1.15.jar;C:\Users\dmeji\.m2\repository\org\apache\commons\commons-collections4\4.4\commons-collections4-4.4.jar;C:\Users\dmeji\.m2\repository\org\apache\commons\commons-math3\3.6.1\commons-math3-3.6.1.jar;C:\Users\dmeji\.m2\repository\com\zaxxer\SparseBitSet\1.2\SparseBitSet-1.2.jar;C:\Users\dmeji\.m2\repository\com\lowagie\itext\2.1.7\itext-2.1.7.jar;C:\Users\dmeji\.m2\repository\bouncycastle\bcmail-jdk14\138\bcmail-jdk14-138.jar;C:\Users\dmeji\.m2\repository\bouncycastle\bcprov-jdk14\138\bcprov-jdk14-138.jar;C:\Users\dmeji\.m2\repository\org\bouncycastle\bctsp-jdk14\1.38\bctsp-jdk14-1.38.jar;C:\Users\dmeji\.m2\repository\org\bouncycastle\bcprov-jdk14\1.38\bcprov-jdk14-1.38.jar;C:\Users\dmeji\.m2\repository\org\bouncycastle\bcmail-jdk14\1.38\bcmail-jdk14-1.38.jar;C:\Users\dmeji\.m2\repository\org\primefaces\primefaces\10.0.0\primefaces-10.0.0.jar;"/>
    <property name="sun.cpu.endian" value="little"/>
    <property name="user.home" value="C:\Users\dmeji"/>
    <property name="user.language" value="es"/>
    <property name="java.specification.vendor" value="Oracle Corporation"/>
    <property name="java.version.date" value="2021-01-19"/>
    <property name="java.home" value="C:\Program Files\RedHat\java-11-openjdk-11.0.10-1"/>
    <property name="file.separator" value="\"/>
    <property name="basedir" value="C:\Users\dmeji\Desktop\CVDS\ProyectoCVDS"/>
    <property name="java.vm.compressedOopsMode" value="32-bit"/>
    <property name="line.separator" value="&#10;"/>
    <property name="java.specification.name" value="Java Platform API Specification"/>
    <property name="java.vm.specification.vendor" value="Oracle Corporation"/>
    <property name="java.awt.graphicsenv" value="sun.awt.Win32GraphicsEnvironment"/>
    <property name="surefire.real.class.path" value="C:\Users\dmeji\AppData\Local\Temp\surefire6827690715518045729\surefirebooter5287257114956206586.jar"/>
    <property name="user.script" value=""/>
    <property name="sun.management.compiler" value="HotSpot 64-Bit Tiered Compilers"/>
    <property name="java.runtime.version" value="11.0.10+9-LTS"/>
    <property name="user.name" value="dmeji"/>
    <property name="path.separator" value=";"/>
    <property name="os.version" value="10.0"/>
    <property name="java.runtime.name" value="OpenJDK Runtime Environment"/>
    <property name="file.encoding" value="Cp1252"/>
    <property name="java.vm.name" value="OpenJDK 64-Bit Server VM"/>
    <property name="java.vendor.version" value="18.9"/>
    <property name="localRepository" value="C:\Users\dmeji\.m2\repository"/>
    <property name="java.vendor.url.bug" value="https://bugzilla.redhat.com/enter_bug.cgi"/>
    <property name="java.io.tmpdir" value="C:\Users\dmeji\AppData\Local\Temp\"/>
    <property name="idea.version" value="2020.3.2"/>
    <property name="java.version" value="11.0.10"/>
    <property name="user.dir" value="C:\Users\dmeji\Desktop\CVDS\ProyectoCVDS"/>
    <property name="os.arch" value="amd64"/>
    <property name="java.vm.specification.name" value="Java Virtual Machine Specification"/>
    <property name="java.awt.printerjob" value="sun.awt.windows.WPrinterJob"/>
    <property name="user.language.format" value="en"/>
    <property name="sun.os.patch.level" value=""/>
    <property name="java.library.path" value="C:\Program Files\RedHat\java-11-openjdk-11.0.10-1\bin;C:\WINDOWS\Sun\Java\bin;C:\WINDOWS\system32;C:\WINDOWS;C:\Program Files (x86)\VMware\VMware Workstation\bin\;C:\Program Files (x86)\Common Files\Oracle\Java\javapath;C:\WINDOWS\system32;C:\WINDOWS;C:\WINDOWS\System32\Wbem;C:\WINDOWS\System32\WindowsPowerShell\v1.0\;C:\WINDOWS\System32\OpenSSH\;C:\Program Files\NVIDIA Corporation\NVIDIA NvDLISR;C:\Program Files (x86)\NVIDIA Corporation\PhysX\Common;C:\Program Files\dotnet\;C:\Program Files (x86)\dotnet\;C:\Program Files\apache-maven-3.6.3\bin;C:\Program Files\Git\cmd;C:\Program Files\RedHat\java-11-openjdk-11.0.10-1\bin;C:\Program Files\Microsoft SQL Server\Client SDK\ODBC\130\Tools\Binn\;C:\Program Files (x86)\Microsoft SQL Server\140\Tools\Binn\;C:\Program Files\Microsoft SQL Server\140\Tools\Binn\;C:\Program Files\Microsoft SQL Server\140\DTS\Binn\;C:\Program Files\PuTTY\;C:\Users\dmeji\AppData\Local\Microsoft\WindowsApps;C:\Users\dmeji\AppData\Local\Programs\Microsoft VS Code\bin;C:\Program Files (x86)\Nmap;C:\Users\dmeji\AppData\Local\GitHubDesktop\bin;C:\Program Files\JetBrains\PyCharm Community Edition 2020.3.4\bin;C:\Users\dmeji\AppData\Local\gitkraken\bin;."/>
    <property name="java.vm.info" value="mixed mode"/>
    <property name="java.vendor" value="Red Hat, Inc."/>
    <property name="java.vm.version" value="11.0.10+9-LTS"/>
    <property name="sun.io.unicode.encoding" value="UnicodeLittle"/>
    <property name="java.class.version" value="55.0"/>
  </properties>
  <testcase name="deberiaActualizarNecesidad" classname="edu.eci.cvds.NecesidadTest" time="0.204"/>
  <testcase name="deberiaRegistrarNecesidad" classname="edu.eci.cvds.NecesidadTest" time="0.183"/>
  <testcase name="deberiaConsultarNecesidadExplicita" classname="edu.eci.cvds.NecesidadTest" time="0.183"/>
  <testcase name="deberiaConsultarNecesidades" classname="edu.eci.cvds.NecesidadTest" time="0.201">
    <system-out><![CDATA[[Necesidad{idNecesidad=2,idCategoria=2, nombre=Junina, descripcion=Strain of intrinsic musc/fasc/tend finger at wrs/hnd lv, estado=Activa}
, Necesidad{idNecesidad=4,idCategoria=4, nombre=Sacha, descripcion=Toxic effect of venom of Australian snake, undet, subs, estado=En proceso}
, Necesidad{idNecesidad=5,idCategoria=5, nombre=Sephira, descripcion=Laceration of popliteal vein, unspecified leg, init encntr, estado=Resuelta}
, Necesidad{idNecesidad=6,idCategoria=6, nombre=Neilla, descripcion=Prsn brd/alit a 3-whl mv injured in nonclsn trnsp acc, init, estado=Resuelta}
, Necesidad{idNecesidad=7,idCategoria=7, nombre=Christa, descripcion=Chronic angle-closure glaucoma, unsp eye, stage unspecified, estado=Resuelta}
, Necesidad{idNecesidad=10,idCategoria=10, nombre=Seth, descripcion=Milt op w direct blast effect of nuclear weapon, milt, subs, estado=Cerrada}
, Necesidad{idNecesidad=f7183d18-50f3-4e90-829c-1c0273e75e59,idCategoria=8, nombre=Falta de perico, descripcion=sed para un cafe caliente, estado=Activa}
, Necesidad{idNecesidad=a8e16600-1933-4914-b9da-1f04a9454bc8,idCategoria=8, nombre=funcionamiento, descripcion=caliente, estado=Activa}
, Necesidad{idNecesidad=8,idCategoria=8, nombre=Flint, descripcion=Chondromalacia, unspecified shoulder, estado=Cerrada}
, Necesidad{idNecesidad=437fa7d3-f04b-4cc1-87a4-f89408ef79d3,idCategoria=1, nombre=PaPa, descripcion=Falta de de PaPa, estado=Activa}
, Necesidad{idNecesidad=22db0149-32b0-4606-b0e7-d290c2db3aa3,idCategoria=1, nombre=a, descripcion=a, estado=Cerrada}
, Necesidad{idNecesidad=1,idCategoria=1, nombre=Daffy, descripcion=Disp fx of ant wall of left acetab, subs for fx w nonunion, estado=Resuelta}
, Necesidad{idNecesidad=34af1f32-b99d-490c-b381-dfcbd6a30054,idCategoria=1, nombre=Estudiar Ecuacion, descripcion=Estudiar Ecuaciones diferenciales, estado=Resuelta}
]
]]></system-out>
  </testcase>
</testsuite>