<?xml version="1.0" encoding="UTF-8"?>
<testsuite xmlns:xsi="http://www.w3.org/2001/XMLSchema-instance" xsi:noNamespaceSchemaLocation="https://maven.apache.org/surefire/maven-surefire-plugin/xsd/surefire-test-report-3.0.xsd" version="3.0" name="edu.eci.cvds.CategoriaTest" time="4.359" tests="8" errors="0" skipped="0" failures="0">
  <properties>
    <property name="sun.desktop" value="windows"/>
    <property name="awt.toolkit" value="sun.awt.windows.WToolkit"/>
    <property name="java.specification.version" value="11"/>
    <property name="sun.cpu.isalist" value="amd64"/>
    <property name="sun.jnu.encoding" value="Cp1252"/>
    <property name="java.class.path" value="C:\Users\dmeji\Desktop\CVDS\ProyectoCVDS\target\test-classes;C:\Users\dmeji\Desktop\CVDS\ProyectoCVDS\target\classes;C:\Users\dmeji\.m2\repository\org\mybatis\mybatis-guice\3.10\mybatis-guice-3.10.jar;C:\Users\dmeji\.m2\repository\junit\junit\4.13.1\junit-4.13.1.jar;C:\Users\dmeji\.m2\repository\org\hamcrest\hamcrest-core\1.3\hamcrest-core-1.3.jar;C:\Users\dmeji\.m2\repository\org\mybatis\mybatis\3.5.7\mybatis-3.5.7.jar;C:\Users\dmeji\.m2\repository\com\google\inject\guice\4.0\guice-4.0.jar;C:\Users\dmeji\.m2\repository\javax\inject\javax.inject\1\javax.inject-1.jar;C:\Users\dmeji\.m2\repository\aopalliance\aopalliance\1.0\aopalliance-1.0.jar;C:\Users\dmeji\.m2\repository\com\google\guava\guava\16.0.1\guava-16.0.1.jar;C:\Users\dmeji\.m2\repository\org\postgresql\postgresql\42.2.20.jre7\postgresql-42.2.20.jre7.jar;C:\Users\dmeji\.m2\repository\org\apache\shiro\shiro-core\1.7.1\shiro-core-1.7.1.jar;C:\Users\dmeji\.m2\repository\org\apache\shiro\shiro-lang\1.7.1\shiro-lang-1.7.1.jar;C:\Users\dmeji\.m2\repository\org\apache\shiro\shiro-cache\1.7.1\shiro-cache-1.7.1.jar;C:\Users\dmeji\.m2\repository\org\apache\shiro\shiro-crypto-hash\1.7.1\shiro-crypto-hash-1.7.1.jar;C:\Users\dmeji\.m2\repository\org\apache\shiro\shiro-crypto-core\1.7.1\shiro-crypto-core-1.7.1.jar;C:\Users\dmeji\.m2\repository\org\apache\shiro\shiro-crypto-cipher\1.7.1\shiro-crypto-cipher-1.7.1.jar;C:\Users\dmeji\.m2\repository\org\apache\shiro\shiro-config-core\1.7.1\shiro-config-core-1.7.1.jar;C:\Users\dmeji\.m2\repository\org\apache\shiro\shiro-config-ogdl\1.7.1\shiro-config-ogdl-1.7.1.jar;C:\Users\dmeji\.m2\repository\commons-beanutils\commons-beanutils\1.9.4\commons-beanutils-1.9.4.jar;C:\Users\dmeji\.m2\repository\commons-collections\commons-collections\3.2.2\commons-collections-3.2.2.jar;C:\Users\dmeji\.m2\repository\org\apache\shiro\shiro-event\1.7.1\shiro-event-1.7.1.jar;C:\Users\dmeji\.m2\repository\org\apache\shiro\shiro-web\1.7.1\shiro-web-1.7.1.jar;C:\Users\dmeji\.m2\repository\org\owasp\encoder\encoder\1.2.2\encoder-1.2.2.jar;C:\Users\dmeji\.m2\repository\org\apache\shiro\shiro-ehcache\1.7.0\shiro-ehcache-1.7.0.jar;C:\Users\dmeji\.m2\repository\net\sf\ehcache\ehcache-core\2.6.11\ehcache-core-2.6.11.jar;C:\Users\dmeji\.m2\repository\javax\javaee-api\8.0.1\javaee-api-8.0.1.jar;C:\Users\dmeji\.m2\repository\com\sun\mail\javax.mail\1.6.2\javax.mail-1.6.2.jar;C:\Users\dmeji\.m2\repository\javax\activation\activation\1.1\activation-1.1.jar;C:\Users\dmeji\.m2\repository\com\sun\faces\jsf-api\2.2.20\jsf-api-2.2.20.jar;C:\Users\dmeji\.m2\repository\com\sun\faces\jsf-impl\2.2.20\jsf-impl-2.2.20.jar;C:\Users\dmeji\.m2\repository\javax\servlet\jstl\1.2\jstl-1.2.jar;C:\Users\dmeji\.m2\repository\javax\javaee-web-api\7.0\javaee-web-api-7.0.jar;C:\Users\dmeji\.m2\repository\org\apache\poi\poi\5.0.0\poi-5.0.0.jar;C:\Users\dmeji\.m2\repository\org\slf4j\slf4j-api\1.7.30\slf4j-api-1.7.30.jar;C:\Users\dmeji\.m2\repository\org\slf4j\jcl-over-slf4j\1.7.30\jcl-over-slf4j-1.7.30.jar;C:\Users\dmeji\.m2\repository\commons-codec\commons-codec\1.15\commons-codec-1.15.jar;C:\Users\dmeji\.m2\repository\org\apache\commons\commons-collections4\4.4\commons-collections4-4.4.jar;C:\Users\dmeji\.m2\repository\org\apache\commons\commons-math3\3.6.1\commons-math3-3.6.1.jar;C:\Users\dmeji\.m2\repository\com\zaxxer\SparseBitSet\1.2\SparseBitSet-1.2.jar;C:\Users\dmeji\.m2\repository\com\lowagie\itext\2.1.7\itext-2.1.7.jar;C:\Users\dmeji\.m2\repository\bouncycastle\bcmail-jdk14\138\bcmail-jdk14-138.jar;C:\Users\dmeji\.m2\repository\bouncycastle\bcprov-jdk14\138\bcprov-jdk14-138.jar;C:\Users\dmeji\.m2\repository\org\bouncycastle\bctsp-jdk14\1.38\bctsp-jdk14-1.38.jar;C:\Users\dmeji\.m2\repository\org\bouncycastle\bcprov-jdk14\1.38\bcprov-jdk14-1.38.jar;C:\Users\dmeji\.m2\repository\org\bouncycastle\bcmail-jdk14\1.38\bcmail-jdk14-1.38.jar;C:\Users\dmeji\.m2\repository\org\primefaces\primefaces\10.0.0\primefaces-10.0.0.jar;"/>
    <property name="java.vm.vendor" value="Red Hat, Inc."/>
    <property name="sun.arch.data.model" value="64"/>
    <property name="user.variant" value=""/>
    <property name="java.vendor.url" value="https://access.redhat.com/"/>
    <property name="user.timezone" value="America/Bogota"/>
    <property name="user.country.format" value="US"/>
    <property name="java.vm.specification.version" value="11"/>
    <property name="os.name" value="Windows 10"/>
    <property name="sun.java.launcher" value="SUN_STANDARD"/>
    <property name="user.country" value="MX"/>
    <property name="sun.boot.library.path" value="C:\Program Files\RedHat\java-11-openjdk-11.0.10-1\bin"/>
    <property name="sun.java.command" value="C:\Users\dmeji\AppData\Local\Temp\surefire6827690715518045729\surefirebooter5287257114956206586.jar C:\Users\dmeji\AppData\Local\Temp\surefire6827690715518045729 2021-05-21T19-07-27_615-jvmRun1 surefire8029769035981859799tmp surefire_017213369116454599719tmp"/>
    <property name="jdk.debug" value="release"/>
    <property name="surefire.test.class.path" value="C:\Users\dmeji\Desktop\CVDS\ProyectoCVDS\target\test-classes;C:\Users\dmeji\Desktop\CVDS\ProyectoCVDS\target\classes;C:\Users\dmeji\.m2\repository\org\mybatis\mybatis-guice\3.10\mybatis-guice-3.10.jar;C:\Users\dmeji\.m2\repository\junit\junit\4.13.1\junit-4.13.1.jar;C:\Users\dmeji\.m2\repository\org\hamcrest\hamcrest-core\1.3\hamcrest-core-1.3.jar;C:\Users\dmeji\.m2\repository\org\mybatis\mybatis\3.5.7\mybatis-3.5.7.jar;C:\Users\dmeji\.m2\repository\com\google\inject\guice\4.0\guice-4.0.jar;C:\Users\dmeji\.m2\repository\javax\inject\javax.inject\1\javax.inject-1.jar;C:\Users\dmeji\.m2\repository\aopalliance\aopalliance\1.0\aopalliance-1.0.jar;C:\Users\dmeji\.m2\repository\com\google\guava\guava\16.0.1\guava-16.0.1.jar;C:\Users\dmeji\.m2\repository\org\postgresql\postgresql\42.2.20.jre7\postgresql-42.2.20.jre7.jar;C:\Users\dmeji\.m2\repository\org\apache\shiro\shiro-core\1.7.1\shiro-core-1.7.1.jar;C:\Users\dmeji\.m2\repository\org\apache\shiro\shiro-lang\1.7.1\shiro-lang-1.7.1.jar;C:\Users\dmeji\.m2\repository\org\apache\shiro\shiro-cache\1.7.1\shiro-cache-1.7.1.jar;C:\Users\dmeji\.m2\repository\org\apache\shiro\shiro-crypto-hash\1.7.1\shiro-crypto-hash-1.7.1.jar;C:\Users\dmeji\.m2\repository\org\apache\shiro\shiro-crypto-core\1.7.1\shiro-crypto-core-1.7.1.jar;C:\Users\dmeji\.m2\repository\org\apache\shiro\shiro-crypto-cipher\1.7.1\shiro-crypto-cipher-1.7.1.jar;C:\Users\dmeji\.m2\repository\org\apache\shiro\shiro-config-core\1.7.1\shiro-config-core-1.7.1.jar;C:\Users\dmeji\.m2\repository\org\apache\shiro\shiro-config-ogdl\1.7.1\shiro-config-ogdl-1.7.1.jar;C:\Users\dmeji\.m2\repository\commons-beanutils\commons-beanutils\1.9.4\commons-beanutils-1.9.4.jar;C:\Users\dmeji\.m2\repository\commons-collections\commons-collections\3.2.2\commons-collections-3.2.2.jar;C:\Users\dmeji\.m2\repository\org\apache\shiro\shiro-event\1.7.1\shiro-event-1.7.1.jar;C:\Users\dmeji\.m2\repository\org\apache\shiro\shiro-web\1.7.1\shiro-web-1.7.1.jar;C:\Users\dmeji\.m2\repository\org\owasp\encoder\encoder\1.2.2\encoder-1.2.2.jar;C:\Users\dmeji\.m2\repository\org\apache\shiro\shiro-ehcache\1.7.0\shiro-ehcache-1.7.0.jar;C:\Users\dmeji\.m2\repository\net\sf\ehcache\ehcache-core\2.6.11\ehcache-core-2.6.11.jar;C:\Users\dmeji\.m2\repository\javax\javaee-api\8.0.1\javaee-api-8.0.1.jar;C:\Users\dmeji\.m2\repository\com\sun\mail\javax.mail\1.6.2\javax.mail-1.6.2.jar;C:\Users\dmeji\.m2\repository\javax\activation\activation\1.1\activation-1.1.jar;C:\Users\dmeji\.m2\repository\com\sun\faces\jsf-api\2.2.20\jsf-api-2.2.20.jar;C:\Users\dmeji\.m2\repository\com\sun\faces\jsf-impl\2.2.20\jsf-impl-2.2.20.jar;C:\Users\dmeji\.m2\repository\javax\servlet\jstl\1.2\jstl-1.2.jar;C:\Users\dmeji\.m2\repository\javax\javaee-web-api\7.0\javaee-web-api-7.0.jar;C:\Users\dmeji\.m2\repository\org\apache\poi\poi\5.0.0\poi-5.0.0.jar;C:\Users\dmeji\.m2\repository\org\slf4j\slf4j-api\1.7.30\slf4j-api-1.7.30.jar;C:\Users\dmeji\.m2\repository\org\slf4j\jcl-over-slf4j\1.7.30\jcl-over-slf4j-1.7.30.jar;C:\Users\dmeji\.m2\repository\commons-codec\commons-codec\1.15\commons-codec-1.15.jar;C:\Users\dmeji\.m2\repository\org\apache\commons\commons-collections4\4.4\commons-collections4-4.4.jar;C:\Users\dmeji\.m2\repository\org\apache\commons\commons-math3\3.6.1\commons-math3-3.6.1.jar;C:\Users\dmeji\.m2\repository\com\zaxxer\SparseBitSet\1.2\SparseBitSet-1.2.jar;C:\Users\dmeji\.m2\repository\com\lowagie\itext\2.1.7\itext-2.1.7.jar;C:\Users\dmeji\.m2\repository\bouncycastle\bcmail-jdk14\138\bcmail-jdk14-138.jar;C:\Users\dmeji\.m2\repository\bouncycastle\bcprov-jdk14\138\bcprov-jdk14-138.jar;C:\Users\dmeji\.m2\repository\org\bouncycastle\bctsp-jdk14\1.38\bctsp-jdk14-1.38.jar;C:\Users\dmeji\.m2\repository\org\bouncycastle\bcprov-jdk14\1.38\bcprov-jdk14-1.38.jar;C:\Users\dmeji\.m2\repository\org\bouncycastle\bcmail-jdk14\1.38\bcmail-jdk14-1.38.jar;C:\Users\dmeji\.m2\repository\org\primefaces\primefaces\10.0.0\primefaces-10.0.0.jar;"/>
    <property name="sun.cpu.endian" value="little"/>
    <property name="user.home" value="C:\Users\dmeji"/>
    <property name="user.language" value="es"/>
    <property name="java.specification.vendor" value="Oracle Corporation"/>
    <property name="java.version.date" value="2021-01-19"/>
    <property name="java.home" value="C:\Program Files\RedHat\java-11-openjdk-11.0.10-1"/>
    <property name="file.separator" value="\"/>
    <property name="basedir" value="C:\Users\dmeji\Desktop\CVDS\ProyectoCVDS"/>
    <property name="java.vm.compressedOopsMode" value="32-bit"/>
    <property name="line.separator" value="&#10;"/>
    <property name="java.specification.name" value="Java Platform API Specification"/>
    <property name="java.vm.specification.vendor" value="Oracle Corporation"/>
    <property name="java.awt.graphicsenv" value="sun.awt.Win32GraphicsEnvironment"/>
    <property name="surefire.real.class.path" value="C:\Users\dmeji\AppData\Local\Temp\surefire6827690715518045729\surefirebooter5287257114956206586.jar"/>
    <property name="user.script" value=""/>
    <property name="sun.management.compiler" value="HotSpot 64-Bit Tiered Compilers"/>
    <property name="java.runtime.version" value="11.0.10+9-LTS"/>
    <property name="user.name" value="dmeji"/>
    <property name="path.separator" value=";"/>
    <property name="os.version" value="10.0"/>
    <property name="java.runtime.name" value="OpenJDK Runtime Environment"/>
    <property name="file.encoding" value="Cp1252"/>
    <property name="java.vm.name" value="OpenJDK 64-Bit Server VM"/>
    <property name="java.vendor.version" value="18.9"/>
    <property name="localRepository" value="C:\Users\dmeji\.m2\repository"/>
    <property name="java.vendor.url.bug" value="https://bugzilla.redhat.com/enter_bug.cgi"/>
    <property name="java.io.tmpdir" value="C:\Users\dmeji\AppData\Local\Temp\"/>
    <property name="idea.version" value="2020.3.2"/>
    <property name="java.version" value="11.0.10"/>
    <property name="user.dir" value="C:\Users\dmeji\Desktop\CVDS\ProyectoCVDS"/>
    <property name="os.arch" value="amd64"/>
    <property name="java.vm.specification.name" value="Java Virtual Machine Specification"/>
    <property name="java.awt.printerjob" value="sun.awt.windows.WPrinterJob"/>
    <property name="user.language.format" value="en"/>
    <property name="sun.os.patch.level" value=""/>
    <property name="java.library.path" value="C:\Program Files\RedHat\java-11-openjdk-11.0.10-1\bin;C:\WINDOWS\Sun\Java\bin;C:\WINDOWS\system32;C:\WINDOWS;C:\Program Files (x86)\VMware\VMware Workstation\bin\;C:\Program Files (x86)\Common Files\Oracle\Java\javapath;C:\WINDOWS\system32;C:\WINDOWS;C:\WINDOWS\System32\Wbem;C:\WINDOWS\System32\WindowsPowerShell\v1.0\;C:\WINDOWS\System32\OpenSSH\;C:\Program Files\NVIDIA Corporation\NVIDIA NvDLISR;C:\Program Files (x86)\NVIDIA Corporation\PhysX\Common;C:\Program Files\dotnet\;C:\Program Files (x86)\dotnet\;C:\Program Files\apache-maven-3.6.3\bin;C:\Program Files\Git\cmd;C:\Program Files\RedHat\java-11-openjdk-11.0.10-1\bin;C:\Program Files\Microsoft SQL Server\Client SDK\ODBC\130\Tools\Binn\;C:\Program Files (x86)\Microsoft SQL Server\140\Tools\Binn\;C:\Program Files\Microsoft SQL Server\140\Tools\Binn\;C:\Program Files\Microsoft SQL Server\140\DTS\Binn\;C:\Program Files\PuTTY\;C:\Users\dmeji\AppData\Local\Microsoft\WindowsApps;C:\Users\dmeji\AppData\Local\Programs\Microsoft VS Code\bin;C:\Program Files (x86)\Nmap;C:\Users\dmeji\AppData\Local\GitHubDesktop\bin;C:\Program Files\JetBrains\PyCharm Community Edition 2020.3.4\bin;C:\Users\dmeji\AppData\Local\gitkraken\bin;."/>
    <property name="java.vm.info" value="mixed mode"/>
    <property name="java.vendor" value="Red Hat, Inc."/>
    <property name="java.vm.version" value="11.0.10+9-LTS"/>
    <property name="sun.io.unicode.encoding" value="UnicodeLittle"/>
    <property name="java.class.version" value="55.0"/>
  </properties>
  <testcase name="noDeberiaRegistrarCategoriasRepetidas" classname="edu.eci.cvds.CategoriaTest" time="2.68">
    <system-err><![CDATA[SLF4J: Failed to load class "org.slf4j.impl.StaticLoggerBinder".
SLF4J: Defaulting to no-operation (NOP) logger implementation
SLF4J: See http://www.slf4j.org/codes.html#StaticLoggerBinder for further details.
edu.eci.cvds.samples.services.SolidaridadException: Error al insertar la categoria 
	at edu.eci.cvds.sampleprj.dao.mybatis.MyBatisCategoriasDAO.save(MyBatisCategoriasDAO.java:21)
	at edu.eci.cvds.samples.services.impl.CategoriasServiceImpl.registrarCategoria(CategoriasServiceImpl.java:21)
	at edu.eci.cvds.CategoriaTest.noDeberiaRegistrarCategoriasRepetidas(CategoriaTest.java:78)
	at java.base/jdk.internal.reflect.NativeMethodAccessorImpl.invoke0(Native Method)
	at java.base/jdk.internal.reflect.NativeMethodAccessorImpl.invoke(NativeMethodAccessorImpl.java:62)
	at java.base/jdk.internal.reflect.DelegatingMethodAccessorImpl.invoke(DelegatingMethodAccessorImpl.java:43)
	at java.base/java.lang.reflect.Method.invoke(Method.java:566)
	at org.junit.runners.model.FrameworkMethod$1.runReflectiveCall(FrameworkMethod.java:59)
	at org.junit.internal.runners.model.ReflectiveCallable.run(ReflectiveCallable.java:12)
	at org.junit.runners.model.FrameworkMethod.invokeExplosively(FrameworkMethod.java:56)
	at org.junit.internal.runners.statements.InvokeMethod.evaluate(InvokeMethod.java:17)
	at org.junit.runners.ParentRunner$3.evaluate(ParentRunner.java:306)
	at org.junit.runners.BlockJUnit4ClassRunner$1.evaluate(BlockJUnit4ClassRunner.java:100)
	at org.junit.runners.ParentRunner.runLeaf(ParentRunner.java:366)
	at org.junit.runners.BlockJUnit4ClassRunner.runChild(BlockJUnit4ClassRunner.java:103)
	at org.junit.runners.BlockJUnit4ClassRunner.runChild(BlockJUnit4ClassRunner.java:63)
	at org.junit.runners.ParentRunner$4.run(ParentRunner.java:331)
	at org.junit.runners.ParentRunner$1.schedule(ParentRunner.java:79)
	at org.junit.runners.ParentRunner.runChildren(ParentRunner.java:329)
	at org.junit.runners.ParentRunner.access$100(ParentRunner.java:66)
	at org.junit.runners.ParentRunner$2.evaluate(ParentRunner.java:293)
	at org.junit.runners.ParentRunner$3.evaluate(ParentRunner.java:306)
	at org.junit.runners.ParentRunner.run(ParentRunner.java:413)
	at org.apache.maven.surefire.junit4.JUnit4Provider.execute(JUnit4Provider.java:364)
	at org.apache.maven.surefire.junit4.JUnit4Provider.executeWithRerun(JUnit4Provider.java:272)
	at org.apache.maven.surefire.junit4.JUnit4Provider.executeTestSet(JUnit4Provider.java:237)
	at org.apache.maven.surefire.junit4.JUnit4Provider.invoke(JUnit4Provider.java:158)
	at org.apache.maven.surefire.booter.ForkedBooter.runSuitesInProcess(ForkedBooter.java:428)
	at org.apache.maven.surefire.booter.ForkedBooter.execute(ForkedBooter.java:162)
	at org.apache.maven.surefire.booter.ForkedBooter.run(ForkedBooter.java:562)
	at org.apache.maven.surefire.booter.ForkedBooter.main(ForkedBooter.java:548)
Caused by: org.apache.ibatis.exceptions.PersistenceException: 
### Error updating database.  Cause: org.postgresql.util.PSQLException: ERROR: duplicate key value violates unique constraint "categorias_nombre_key"
  Detail: Key (nombre)=(Ecuaciones Diferenciales) already exists.
### The error may exist in mappers/CategoriaMapper.xml
### The error may involve edu.eci.cvds.sampleprj.dao.mybatis.mappers.CategoriaMapper.insertarCategoria-Inline
### The error occurred while setting parameters
### SQL: insert into categorias(idcategoria,nombre,descripcion,fechacreacion,estado,fechamodificacion) values         (?,?,?,?,          ?,?)
### Cause: org.postgresql.util.PSQLException: ERROR: duplicate key value violates unique constraint "categorias_nombre_key"
  Detail: Key (nombre)=(Ecuaciones Diferenciales) already exists.
	at org.apache.ibatis.exceptions.ExceptionFactory.wrapException(ExceptionFactory.java:30)
	at org.apache.ibatis.session.defaults.DefaultSqlSession.update(DefaultSqlSession.java:196)
	at org.apache.ibatis.session.defaults.DefaultSqlSession.insert(DefaultSqlSession.java:181)
	at java.base/jdk.internal.reflect.NativeMethodAccessorImpl.invoke0(Native Method)
	at java.base/jdk.internal.reflect.NativeMethodAccessorImpl.invoke(NativeMethodAccessorImpl.java:62)
	at java.base/jdk.internal.reflect.DelegatingMethodAccessorImpl.invoke(DelegatingMethodAccessorImpl.java:43)
	at java.base/java.lang.reflect.Method.invoke(Method.java:566)
	at org.apache.ibatis.session.SqlSessionManager$SqlSessionInterceptor.invoke(SqlSessionManager.java:357)
	at com.sun.proxy.$Proxy17.insert(Unknown Source)
	at org.apache.ibatis.session.SqlSessionManager.insert(SqlSessionManager.java:236)
	at org.apache.ibatis.binding.MapperMethod.execute(MapperMethod.java:62)
	at org.apache.ibatis.binding.MapperProxy$PlainMethodInvoker.invoke(MapperProxy.java:145)
	at org.apache.ibatis.binding.MapperProxy.invoke(MapperProxy.java:86)
	at com.sun.proxy.$Proxy18.insertarCategoria(Unknown Source)
	at edu.eci.cvds.sampleprj.dao.mybatis.MyBatisCategoriasDAO.save(MyBatisCategoriasDAO.java:19)
	... 30 more
Caused by: org.postgresql.util.PSQLException: ERROR: duplicate key value violates unique constraint "categorias_nombre_key"
  Detail: Key (nombre)=(Ecuaciones Diferenciales) already exists.
	at org.postgresql.core.v3.QueryExecutorImpl.receiveErrorResponse(QueryExecutorImpl.java:2553)
	at org.postgresql.core.v3.QueryExecutorImpl.processResults(QueryExecutorImpl.java:2285)
	at org.postgresql.core.v3.QueryExecutorImpl.execute(QueryExecutorImpl.java:323)
	at org.postgresql.jdbc.PgStatement.executeInternal(PgStatement.java:481)
	at org.postgresql.jdbc.PgStatement.execute(PgStatement.java:401)
	at org.postgresql.jdbc.PgPreparedStatement.executeWithFlags(PgPreparedStatement.java:164)
	at org.postgresql.jdbc.PgPreparedStatement.execute(PgPreparedStatement.java:153)
	at org.apache.ibatis.executor.statement.PreparedStatementHandler.update(PreparedStatementHandler.java:47)
	at org.apache.ibatis.executor.statement.RoutingStatementHandler.update(RoutingStatementHandler.java:74)
	at org.apache.ibatis.executor.SimpleExecutor.doUpdate(SimpleExecutor.java:50)
	at org.apache.ibatis.executor.BaseExecutor.update(BaseExecutor.java:117)
	at org.apache.ibatis.executor.CachingExecutor.update(CachingExecutor.java:76)
	at org.apache.ibatis.session.defaults.DefaultSqlSession.update(DefaultSqlSession.java:194)
	... 43 more
]]></system-err>
  </testcase>
  <testcase name="noDeberiaRegistrarCategoriaInvalida" classname="edu.eci.cvds.CategoriaTest" time="0.101">
    <system-err><![CDATA[edu.eci.cvds.samples.services.SolidaridadException: Error al insertar la categoria 
	at edu.eci.cvds.sampleprj.dao.mybatis.MyBatisCategoriasDAO.save(MyBatisCategoriasDAO.java:21)
	at edu.eci.cvds.samples.services.impl.CategoriasServiceImpl.registrarCategoria(CategoriasServiceImpl.java:21)
	at edu.eci.cvds.CategoriaTest.noDeberiaRegistrarCategoriaInvalida(CategoriaTest.java:69)
	at java.base/jdk.internal.reflect.NativeMethodAccessorImpl.invoke0(Native Method)
	at java.base/jdk.internal.reflect.NativeMethodAccessorImpl.invoke(NativeMethodAccessorImpl.java:62)
	at java.base/jdk.internal.reflect.DelegatingMethodAccessorImpl.invoke(DelegatingMethodAccessorImpl.java:43)
	at java.base/java.lang.reflect.Method.invoke(Method.java:566)
	at org.junit.runners.model.FrameworkMethod$1.runReflectiveCall(FrameworkMethod.java:59)
	at org.junit.internal.runners.model.ReflectiveCallable.run(ReflectiveCallable.java:12)
	at org.junit.runners.model.FrameworkMethod.invokeExplosively(FrameworkMethod.java:56)
	at org.junit.internal.runners.statements.InvokeMethod.evaluate(InvokeMethod.java:17)
	at org.junit.runners.ParentRunner$3.evaluate(ParentRunner.java:306)
	at org.junit.runners.BlockJUnit4ClassRunner$1.evaluate(BlockJUnit4ClassRunner.java:100)
	at org.junit.runners.ParentRunner.runLeaf(ParentRunner.java:366)
	at org.junit.runners.BlockJUnit4ClassRunner.runChild(BlockJUnit4ClassRunner.java:103)
	at org.junit.runners.BlockJUnit4ClassRunner.runChild(BlockJUnit4ClassRunner.java:63)
	at org.junit.runners.ParentRunner$4.run(ParentRunner.java:331)
	at org.junit.runners.ParentRunner$1.schedule(ParentRunner.java:79)
	at org.junit.runners.ParentRunner.runChildren(ParentRunner.java:329)
	at org.junit.runners.ParentRunner.access$100(ParentRunner.java:66)
	at org.junit.runners.ParentRunner$2.evaluate(ParentRunner.java:293)
	at org.junit.runners.ParentRunner$3.evaluate(ParentRunner.java:306)
	at org.junit.runners.ParentRunner.run(ParentRunner.java:413)
	at org.apache.maven.surefire.junit4.JUnit4Provider.execute(JUnit4Provider.java:364)
	at org.apache.maven.surefire.junit4.JUnit4Provider.executeWithRerun(JUnit4Provider.java:272)
	at org.apache.maven.surefire.junit4.JUnit4Provider.executeTestSet(JUnit4Provider.java:237)
	at org.apache.maven.surefire.junit4.JUnit4Provider.invoke(JUnit4Provider.java:158)
	at org.apache.maven.surefire.booter.ForkedBooter.runSuitesInProcess(ForkedBooter.java:428)
	at org.apache.maven.surefire.booter.ForkedBooter.execute(ForkedBooter.java:162)
	at org.apache.maven.surefire.booter.ForkedBooter.run(ForkedBooter.java:562)
	at org.apache.maven.surefire.booter.ForkedBooter.main(ForkedBooter.java:548)
Caused by: org.apache.ibatis.exceptions.PersistenceException: 
### Error updating database.  Cause: org.postgresql.util.PSQLException: ERROR: duplicate key value violates unique constraint "categorias_nombre_key"
  Detail: Key (nombre)=(Green) already exists.
### The error may exist in mappers/CategoriaMapper.xml
### The error may involve edu.eci.cvds.sampleprj.dao.mybatis.mappers.CategoriaMapper.insertarCategoria-Inline
### The error occurred while setting parameters
### SQL: insert into categorias(idcategoria,nombre,descripcion,fechacreacion,estado,fechamodificacion) values         (?,?,?,?,          ?,?)
### Cause: org.postgresql.util.PSQLException: ERROR: duplicate key value violates unique constraint "categorias_nombre_key"
  Detail: Key (nombre)=(Green) already exists.
	at org.apache.ibatis.exceptions.ExceptionFactory.wrapException(ExceptionFactory.java:30)
	at org.apache.ibatis.session.defaults.DefaultSqlSession.update(DefaultSqlSession.java:196)
	at org.apache.ibatis.session.defaults.DefaultSqlSession.insert(DefaultSqlSession.java:181)
	at java.base/jdk.internal.reflect.NativeMethodAccessorImpl.invoke0(Native Method)
	at java.base/jdk.internal.reflect.NativeMethodAccessorImpl.invoke(NativeMethodAccessorImpl.java:62)
	at java.base/jdk.internal.reflect.DelegatingMethodAccessorImpl.invoke(DelegatingMethodAccessorImpl.java:43)
	at java.base/java.lang.reflect.Method.invoke(Method.java:566)
	at org.apache.ibatis.session.SqlSessionManager$SqlSessionInterceptor.invoke(SqlSessionManager.java:357)
	at com.sun.proxy.$Proxy17.insert(Unknown Source)
	at org.apache.ibatis.session.SqlSessionManager.insert(SqlSessionManager.java:236)
	at org.apache.ibatis.binding.MapperMethod.execute(MapperMethod.java:62)
	at org.apache.ibatis.binding.MapperProxy$PlainMethodInvoker.invoke(MapperProxy.java:145)
	at org.apache.ibatis.binding.MapperProxy.invoke(MapperProxy.java:86)
	at com.sun.proxy.$Proxy18.insertarCategoria(Unknown Source)
	at edu.eci.cvds.sampleprj.dao.mybatis.MyBatisCategoriasDAO.save(MyBatisCategoriasDAO.java:19)
	... 30 more
Caused by: org.postgresql.util.PSQLException: ERROR: duplicate key value violates unique constraint "categorias_nombre_key"
  Detail: Key (nombre)=(Green) already exists.
	at org.postgresql.core.v3.QueryExecutorImpl.receiveErrorResponse(QueryExecutorImpl.java:2553)
	at org.postgresql.core.v3.QueryExecutorImpl.processResults(QueryExecutorImpl.java:2285)
	at org.postgresql.core.v3.QueryExecutorImpl.execute(QueryExecutorImpl.java:323)
	at org.postgresql.jdbc.PgStatement.executeInternal(PgStatement.java:481)
	at org.postgresql.jdbc.PgStatement.execute(PgStatement.java:401)
	at org.postgresql.jdbc.PgPreparedStatement.executeWithFlags(PgPreparedStatement.java:164)
	at org.postgresql.jdbc.PgPreparedStatement.execute(PgPreparedStatement.java:153)
	at org.apache.ibatis.executor.statement.PreparedStatementHandler.update(PreparedStatementHandler.java:47)
	at org.apache.ibatis.executor.statement.RoutingStatementHandler.update(RoutingStatementHandler.java:74)
	at org.apache.ibatis.executor.SimpleExecutor.doUpdate(SimpleExecutor.java:50)
	at org.apache.ibatis.executor.BaseExecutor.update(BaseExecutor.java:117)
	at org.apache.ibatis.executor.CachingExecutor.update(CachingExecutor.java:76)
	at org.apache.ibatis.session.defaults.DefaultSqlSession.update(DefaultSqlSession.java:194)
	... 43 more
]]></system-err>
  </testcase>
  <testcase name="deberiaConsultarCategorias" classname="edu.eci.cvds.CategoriaTest" time="0.276">
    <system-out><![CDATA[[Categoria{idCategoria=aea5c069-b07f-435a-86b4-bbc19014499b, nombre=Calculo Diferencial, descripcion=Estudiar Calculo diferencial, estado=Activa}
, Categoria{idCategoria=2, nombre=Diferencial, descripcion=Hola, estado=Cerrada}
, Categoria{idCategoria=1, nombre=Integral, descripcion=Hola, estado=Resuelta}
, Categoria{idCategoria=4, nombre=Ecuaciones, descripcion=Hola, estado=Resuelta}
, Categoria{idCategoria=10, nombre=Programacion, descripcion=Hola, estado=Activa}
, Categoria{idCategoria=84fda751-7d98-4f8d-bcf9-dced9dea8ef2, nombre=CVDS, descripcion=Ciclos, estado=Activa}
, Categoria{idCategoria=5, nombre=POOB, descripcion=Programacion, estado=Activa}
, Categoria{idCategoria=7, nombre=ARSW, descripcion=Hola funciona!!!, estado=Activa}
, Categoria{idCategoria=8, nombre=Winne, descripcion=Hypotony of right eye due to ocular fistula, estado=Resuelta}
, Categoria{idCategoria=2a241787-f369-461b-9d2e-bc495cc5f60f, nombre=Calculo integral, descripcion=Estudiar Calculo integral, estado=Activa}
, Categoria{idCategoria=6, nombre=Fiorenze, descripcion=Unsp injury of unsp quadriceps musc/fasc/tend, sequela, estado=En proceso}
, Categoria{idCategoria=605fdbbc-7d9f-4425-aec9-d97b115339c7, nombre=Prueba, descripcion=Para borrar, estado=Activa}
, Categoria{idCategoria=2c9739df-bc6b-4f1a-8336-270d5c4129d4, nombre=Ecuaciones Diferenciales, descripcion=actualizado, estado=Activa}
, Categoria{idCategoria=4ed306db-16e9-48e8-aa8c-a2d4ed22497a, nombre=Green, descripcion=Estudiar Calculo integral, estado=Activa}
]
]]></system-out>
  </testcase>
  <testcase name="deberiaConsultarCategoriaEspecifica" classname="edu.eci.cvds.CategoriaTest" time="0.18"/>
  <testcase name="deberiaActualizarCategorias" classname="edu.eci.cvds.CategoriaTest" time="0.187"/>
  <testcase name="deberiaEliminarCategoria" classname="edu.eci.cvds.CategoriaTest" time="0.372"/>
  <testcase name="deberiaInsertarCategoria" classname="edu.eci.cvds.CategoriaTest" time="0.185"/>
  <testcase name="noDeberiaActualizarCategoriaExistente" classname="edu.eci.cvds.CategoriaTest" time="0.366"/>
</testsuite>